2024-02-22 08:35:02,447 : INFO : test_menu : Home URL : https://papamy.panasonic.com.my/papamy/index.asp
2024-02-22 08:35:02,993 : INFO : test_menu : About Us URL : https://papamy.panasonic.com.my/papamy/about.asp
2024-02-22 08:35:03,760 : INFO : test_menu : AC URL : https://papamy.panasonic.com.my/papamy/modelrange.asp
2024-02-22 08:35:04,506 : INFO : test_menu : Compressors URL : https://papamy.panasonic.com.my/papamy/compressor.asp
2024-02-22 08:36:17,190 : INFO : test_menu : Home URL : https://papamy.panasonic.com.my/papamy/index.asp
2024-02-22 08:36:17,691 : INFO : test_menu : About Us URL : https://papamy.panasonic.com.my/papamy/about.asp
2024-02-22 08:36:18,462 : INFO : test_menu : AC URL : https://papamy.panasonic.com.my/papamy/modelrange.asp
2024-02-22 08:36:19,193 : INFO : test_menu : Compressors URL : https://papamy.panasonic.com.my/papamy/compressor.asp
2024-02-22 08:37:06,847 : INFO : test_menu : Home URL : https://papamy.panasonic.com.my/papamy/index.asp
2024-02-22 08:37:07,416 : INFO : test_menu : About Us URL : https://papamy.panasonic.com.my/papamy/about.asp
2024-02-22 08:37:08,327 : INFO : test_menu : AC URL : https://papamy.panasonic.com.my/papamy/modelrange.asp
2024-02-22 08:37:09,056 : INFO : test_menu : Compressors URL : https://papamy.panasonic.com.my/papamy/compressor.asp
2024-02-22 10:26:27,353 : INFO : test_menu : Home URL : https://papamy.panasonic.com.my/papamy/index.asp
2024-02-22 10:26:28,325 : INFO : test_menu : About Us URL : https://papamy.panasonic.com.my/papamy/about.asp
2024-02-22 10:26:28,711 : INFO : test_menu : AC URL : https://papamy.panasonic.com.my/papamy/about.asp
2024-02-22 10:28:07,710 : INFO : test_menu : Home URL : https://papamy.panasonic.com.my/papamy/index.asp
2024-02-22 10:28:08,822 : INFO : test_menu : About Us URL : https://papamy.panasonic.com.my/papamy/about.asp
2024-02-22 10:28:09,895 : INFO : test_menu : AC URL : https://papamy.panasonic.com.my/papamy/modelrange.asp
2024-02-22 10:28:11,004 : INFO : test_menu : Compressors URL : https://papamy.panasonic.com.my/papamy/compressor.asp
2024-02-22 10:28:11,561 : INFO : test_menu : Support URL : https://papamy.panasonic.com.my/papamy/support.asp
2024-02-22 10:28:12,439 : INFO : test_menu : ELearning URL : https://papamy.panasonic.com.my/papamy/elearning.asp
2024-02-22 10:28:13,236 : INFO : test_menu : EVendor URL : https://papamy.panasonic.com.my/papamy/evendor.asp
2024-02-22 10:28:13,973 : INFO : test_menu : Contact Us URL : https://papamy.panasonic.com.my/papamy/contact.asp
2024-02-22 10:38:40,553 : INFO : test_menu : Home URL : https://papamy.panasonic.com.my/papamy/index.asp
2024-02-22 10:38:41,571 : INFO : test_menu : About Us URL : https://papamy.panasonic.com.my/papamy/about.asp
2024-02-22 10:38:42,584 : INFO : test_menu : AC URL : https://papamy.panasonic.com.my/papamy/modelrange.asp
2024-02-22 10:38:43,926 : INFO : test_menu : Compressors URL : https://papamy.panasonic.com.my/papamy/compressor.asp
2024-02-22 10:38:45,000 : INFO : test_menu : Support URL : https://papamy.panasonic.com.my/papamy/support.asp
2024-02-22 10:38:45,739 : INFO : test_menu : ELearning URL : https://papamy.panasonic.com.my/papamy/elearning.asp
2024-02-22 10:38:46,375 : INFO : test_menu : EVendor URL : https://papamy.panasonic.com.my/papamy/evendor.asp
2024-02-22 10:38:47,171 : INFO : test_menu : Contact Us URL : https://papamy.panasonic.com.my/papamy/contact.asp
2024-02-22 10:39:23,267 : INFO : test_menu : Home URL : https://papamy.panasonic.com.my/papamy/index.asp
2024-02-22 10:39:23,938 : INFO : test_menu : About Us URL : https://papamy.panasonic.com.my/papamy/about.asp
2024-02-22 10:39:24,890 : INFO : test_menu : AC URL : https://papamy.panasonic.com.my/papamy/modelrange.asp
2024-02-22 10:39:25,676 : INFO : test_menu : Compressors URL : https://papamy.panasonic.com.my/papamy/compressor.asp
2024-02-22 10:39:26,162 : INFO : test_menu : Support URL : https://papamy.panasonic.com.my/papamy/support.asp
2024-02-22 10:39:26,712 : INFO : test_menu : ELearning URL : https://papamy.panasonic.com.my/papamy/elearning.asp
2024-02-22 10:39:27,171 : INFO : test_menu : EVendor URL : https://papamy.panasonic.com.my/papamy/evendor.asp
2024-02-22 10:39:27,670 : INFO : test_menu : Contact Us URL : https://papamy.panasonic.com.my/papamy/contact.asp
2024-02-22 11:12:14,966 : INFO : test_menu : Home URL : https://papamy.panasonic.com.my/papamy/index.asp
2024-02-22 11:12:15,623 : INFO : test_menu : About Us URL : https://papamy.panasonic.com.my/papamy/about.asp
2024-02-22 11:12:16,456 : INFO : test_menu : AC URL : https://papamy.panasonic.com.my/papamy/modelrange.asp
2024-02-22 11:12:17,303 : INFO : test_menu : Compressors URL : https://papamy.panasonic.com.my/papamy/compressor.asp
2024-02-22 11:12:18,295 : INFO : test_menu : Support URL : https://papamy.panasonic.com.my/papamy/support.asp
2024-02-22 11:12:18,797 : INFO : test_menu : ELearning URL : https://papamy.panasonic.com.my/papamy/elearning.asp
2024-02-22 11:12:19,306 : INFO : test_menu : EVendor URL : https://papamy.panasonic.com.my/papamy/evendor.asp
2024-02-22 11:12:20,004 : INFO : test_menu : Contact Us URL : https://papamy.panasonic.com.my/papamy/contact.asp
2024-02-22 11:14:45,924 : INFO : test_menu : Home URL : https://papamy.panasonic.com.my/papamy/index.asp
2024-02-22 11:14:46,441 : INFO : test_menu : About Us URL : https://papamy.panasonic.com.my/papamy/about.asp
2024-02-22 11:14:47,345 : INFO : test_menu : AC URL : https://papamy.panasonic.com.my/papamy/modelrange.asp
2024-02-22 11:14:48,178 : INFO : test_menu : Compressors URL : https://papamy.panasonic.com.my/papamy/compressor.asp
2024-02-22 11:14:48,746 : INFO : test_menu : Support URL : https://papamy.panasonic.com.my/papamy/support.asp
2024-02-22 11:14:49,753 : INFO : test_menu : ELearning URL : https://papamy.panasonic.com.my/papamy/elearning.asp
2024-02-22 11:14:50,762 : INFO : test_menu : EVendor URL : https://papamy.panasonic.com.my/papamy/evendor.asp
2024-02-22 11:14:51,311 : INFO : test_menu : Contact Us URL : https://papamy.panasonic.com.my/papamy/contact.asp
2024-02-22 11:14:51,428 : INFO : test_BeginLibrary : Global URL : https://papamy.panasonic.com.my/papamy/contact.asp
2024-02-22 11:18:45,274 : INFO : test_menu : Home URL : https://papamy.panasonic.com.my/papamy/index.asp
2024-02-22 11:18:46,022 : INFO : test_menu : About Us URL : https://papamy.panasonic.com.my/papamy/about.asp
2024-02-22 11:18:46,369 : INFO : test_menu : AC URL : https://papamy.panasonic.com.my/papamy/about.asp
2024-02-22 11:18:54,586 : INFO : test_BeginLibrary : Global URL : https://holdings.panasonic/global/?net
2024-02-22 11:19:28,188 : INFO : test_menu : Home URL : https://papamy.panasonic.com.my/papamy/index.asp
2024-02-22 11:19:28,746 : INFO : test_menu : About Us URL : https://papamy.panasonic.com.my/papamy/about.asp
2024-02-22 11:19:29,533 : INFO : test_menu : AC URL : https://papamy.panasonic.com.my/papamy/modelrange.asp
2024-02-22 11:19:30,383 : INFO : test_menu : Compressors URL : https://papamy.panasonic.com.my/papamy/compressor.asp
2024-02-22 11:19:31,138 : INFO : test_menu : Support URL : https://papamy.panasonic.com.my/papamy/support.asp
2024-02-22 11:19:31,666 : INFO : test_menu : ELearning URL : https://papamy.panasonic.com.my/papamy/elearning.asp
2024-02-22 11:19:32,271 : INFO : test_menu : EVendor URL : https://papamy.panasonic.com.my/papamy/evendor.asp
2024-02-22 11:19:32,796 : INFO : test_menu : Contact Us URL : https://papamy.panasonic.com.my/papamy/contact.asp
2024-02-22 11:19:37,504 : INFO : test_BeginLibrary : Global URL : https://holdings.panasonic/global/?net
2024-02-22 11:24:18,330 : INFO : test_menu : Home URL : https://papamy.panasonic.com.my/papamy/index.asp
2024-02-22 11:24:19,159 : INFO : test_menu : About Us URL : https://papamy.panasonic.com.my/papamy/about.asp
2024-02-22 11:24:19,916 : INFO : test_menu : AC URL : https://papamy.panasonic.com.my/papamy/modelrange.asp
2024-02-22 11:24:20,800 : INFO : test_menu : Compressors URL : https://papamy.panasonic.com.my/papamy/compressor.asp
2024-02-22 11:24:21,305 : INFO : test_menu : Support URL : https://papamy.panasonic.com.my/papamy/support.asp
2024-02-22 11:24:21,803 : INFO : test_menu : ELearning URL : https://papamy.panasonic.com.my/papamy/elearning.asp
2024-02-22 11:24:22,377 : INFO : test_menu : EVendor URL : https://papamy.panasonic.com.my/papamy/evendor.asp
2024-02-22 11:24:22,967 : INFO : test_menu : Contact Us URL : https://papamy.panasonic.com.my/papamy/contact.asp
2024-02-22 11:24:28,484 : INFO : test_BeginLibrary : Global URL : https://holdings.panasonic/global/?net
2024-02-22 11:24:28,515 : INFO : test_BeginLibrary : Main Window URL : https://papamy.panasonic.com.my/papamy/contact.asp
2024-02-23 09:17:11,206 : INFO : test_menu : Home URL : https://papamy.panasonic.com.my/papamy/index.asp
2024-02-23 09:17:11,871 : INFO : test_menu : About Us URL : https://papamy.panasonic.com.my/papamy/about.asp
2024-02-23 09:17:13,040 : INFO : test_menu : AC URL : https://papamy.panasonic.com.my/papamy/modelrange.asp
2024-02-23 09:17:14,125 : INFO : test_menu : Compressors URL : https://papamy.panasonic.com.my/papamy/compressor.asp
2024-02-23 09:17:14,635 : INFO : test_menu : Support URL : https://papamy.panasonic.com.my/papamy/support.asp
2024-02-23 09:17:15,251 : INFO : test_menu : ELearning URL : https://papamy.panasonic.com.my/papamy/elearning.asp
2024-02-23 09:17:16,098 : INFO : test_menu : EVendor URL : https://papamy.panasonic.com.my/papamy/evendor.asp
2024-02-23 09:17:16,966 : INFO : test_menu : Contact Us URL : https://papamy.panasonic.com.my/papamy/contact.asp
2024-02-23 09:17:22,342 : INFO : test_BeginLibrary : Global URL : https://holdings.panasonic/global/?net
2024-02-23 09:17:22,366 : INFO : test_BeginLibrary : Main Window URL : https://papamy.panasonic.com.my/papamy/contact.asp
2024-02-23 09:17:23,758 : INFO : test_BeginLibrary : Home URL : https://holdings.panasonic/global/?net
2024-02-23 09:17:23,788 : INFO : test_BeginLibrary : Main Window URL : https://papamy.panasonic.com.my/papamy/index.html
2024-02-23 09:19:43,407 : INFO : test_menu : Home URL : https://papamy.panasonic.com.my/papamy/index.asp
2024-02-23 09:19:43,945 : INFO : test_menu : About Us URL : https://papamy.panasonic.com.my/papamy/about.asp
2024-02-23 09:19:44,818 : INFO : test_menu : AC URL : https://papamy.panasonic.com.my/papamy/modelrange.asp
2024-02-23 09:19:46,067 : INFO : test_menu : Compressors URL : https://papamy.panasonic.com.my/papamy/compressor.asp
2024-02-23 09:19:46,592 : INFO : test_menu : Support URL : https://papamy.panasonic.com.my/papamy/support.asp
2024-02-23 09:19:48,631 : INFO : test_menu : ELearning URL : https://papamy.panasonic.com.my/papamy/elearning.asp
2024-02-23 09:19:49,124 : INFO : test_menu : EVendor URL : https://papamy.panasonic.com.my/papamy/evendor.asp
2024-02-23 09:19:50,020 : INFO : test_menu : Contact Us URL : https://papamy.panasonic.com.my/papamy/contact.asp
2024-02-23 09:19:53,823 : INFO : test_BeginLibrary : Global URL : https://holdings.panasonic/global/?net
2024-02-23 09:19:53,854 : INFO : test_BeginLibrary : Main Window URL : https://papamy.panasonic.com.my/papamy/contact.asp
2024-02-23 09:19:54,052 : INFO : test_BeginLibrary : SignIn URL : https://holdings.panasonic/global/?net
2024-02-23 09:19:54,090 : INFO : test_BeginLibrary : Main Window URL : https://papamy.panasonic.com.my/papamy/contact.asp
2024-02-23 09:26:28,812 : INFO : test_menu : Home URL : https://papamy.panasonic.com.my/papamy/index.asp
2024-02-23 09:26:29,439 : INFO : test_menu : About Us URL : https://papamy.panasonic.com.my/papamy/about.asp
2024-02-23 09:26:30,204 : INFO : test_menu : AC URL : https://papamy.panasonic.com.my/papamy/modelrange.asp
2024-02-23 09:26:31,027 : INFO : test_menu : Compressors URL : https://papamy.panasonic.com.my/papamy/compressor.asp
2024-02-23 09:26:31,594 : INFO : test_menu : Support URL : https://papamy.panasonic.com.my/papamy/support.asp
2024-02-23 09:26:32,691 : INFO : test_menu : ELearning URL : https://papamy.panasonic.com.my/papamy/elearning.asp
2024-02-23 09:26:33,190 : INFO : test_menu : EVendor URL : https://papamy.panasonic.com.my/papamy/evendor.asp
2024-02-23 09:26:33,804 : INFO : test_menu : Contact Us URL : https://papamy.panasonic.com.my/papamy/contact.asp
2024-02-23 09:26:39,647 : INFO : test_BeginLibrary : Global URL : https://holdings.panasonic/global/?net
2024-02-23 09:26:39,714 : INFO : test_BeginLibrary : Main Window URL : https://papamy.panasonic.com.my/papamy/contact.asp
2024-02-23 09:26:40,990 : INFO : test_BeginLibrary : SignIn URL : https://papamy.panasonic.com.my/support/user/login/auth/login
2024-02-23 09:26:41,062 : INFO : test_BeginLibrary : Main Window URL : https://papamy.panasonic.com.my/papamy/contact.asp
2024-02-23 09:27:29,266 : INFO : test_menu : Home URL : https://papamy.panasonic.com.my/papamy/index.asp
2024-02-23 09:27:29,875 : INFO : test_menu : About Us URL : https://papamy.panasonic.com.my/papamy/about.asp
2024-02-23 09:27:30,762 : INFO : test_menu : AC URL : https://papamy.panasonic.com.my/papamy/modelrange.asp
2024-02-23 09:27:31,466 : INFO : test_menu : Compressors URL : https://papamy.panasonic.com.my/papamy/compressor.asp
2024-02-23 09:27:32,002 : INFO : test_menu : Support URL : https://papamy.panasonic.com.my/papamy/support.asp
2024-02-23 09:27:32,363 : INFO : test_menu : ELearning URL : https://papamy.panasonic.com.my/papamy/elearning.asp
2024-02-23 09:27:32,838 : INFO : test_menu : EVendor URL : https://papamy.panasonic.com.my/papamy/evendor.asp
2024-02-23 09:27:33,227 : INFO : test_menu : Contact Us URL : https://papamy.panasonic.com.my/papamy/contact.asp
2024-02-23 09:27:37,338 : INFO : test_BeginLibrary : Global URL : https://holdings.panasonic/global/?net
2024-02-23 09:27:37,401 : INFO : test_BeginLibrary : Main Window URL : https://papamy.panasonic.com.my/papamy/contact.asp
2024-02-23 09:31:38,842 : INFO : test_menu : Home URL : https://papamy.panasonic.com.my/papamy/index.asp
2024-02-23 09:31:39,345 : INFO : test_menu : About Us URL : https://papamy.panasonic.com.my/papamy/about.asp
2024-02-23 09:31:40,082 : INFO : test_menu : AC URL : https://papamy.panasonic.com.my/papamy/modelrange.asp
2024-02-23 09:31:40,827 : INFO : test_menu : Compressors URL : https://papamy.panasonic.com.my/papamy/compressor.asp
2024-02-23 09:31:41,364 : INFO : test_menu : Support URL : https://papamy.panasonic.com.my/papamy/support.asp
2024-02-23 09:31:41,810 : INFO : test_menu : ELearning URL : https://papamy.panasonic.com.my/papamy/elearning.asp
2024-02-23 09:31:42,371 : INFO : test_menu : EVendor URL : https://papamy.panasonic.com.my/papamy/evendor.asp
2024-02-23 09:31:42,913 : INFO : test_menu : Contact Us URL : https://papamy.panasonic.com.my/papamy/contact.asp
2024-02-23 09:31:47,946 : INFO : test_BeginLibrary : Global URL : https://holdings.panasonic/global/?net
2024-02-23 09:31:48,021 : INFO : test_BeginLibrary : Main Window URL : https://papamy.panasonic.com.my/papamy/contact.asp
2024-02-23 09:32:50,279 : INFO : test_menu : Home URL : https://papamy.panasonic.com.my/papamy/index.asp
2024-02-23 09:32:50,844 : INFO : test_menu : About Us URL : https://papamy.panasonic.com.my/papamy/about.asp
2024-02-23 09:32:51,713 : INFO : test_menu : AC URL : https://papamy.panasonic.com.my/papamy/modelrange.asp
2024-02-23 09:32:52,577 : INFO : test_menu : Compressors URL : https://papamy.panasonic.com.my/papamy/compressor.asp
2024-02-23 09:32:53,102 : INFO : test_menu : Support URL : https://papamy.panasonic.com.my/papamy/support.asp
2024-02-23 09:32:53,734 : INFO : test_menu : ELearning URL : https://papamy.panasonic.com.my/papamy/elearning.asp
2024-02-23 09:32:54,156 : INFO : test_menu : EVendor URL : https://papamy.panasonic.com.my/papamy/evendor.asp
2024-02-23 09:32:55,323 : INFO : test_menu : Contact Us URL : https://papamy.panasonic.com.my/papamy/contact.asp
2024-02-23 09:32:59,174 : INFO : test_BeginLibrary : Global URL : https://holdings.panasonic/global/?net
2024-02-23 09:32:59,250 : INFO : test_BeginLibrary : Main Window URL : https://papamy.panasonic.com.my/papamy/contact.asp
2024-02-23 09:33:00,434 : INFO : test_BeginLibrary : Error Code :list index out of range
2024-02-23 09:43:15,421 : INFO : test_menu : Home URL : https://papamy.panasonic.com.my/papamy/index.asp
2024-02-23 09:43:16,475 : INFO : test_menu : About Us URL : https://papamy.panasonic.com.my/papamy/about.asp
2024-02-23 09:43:17,312 : INFO : test_menu : AC URL : https://papamy.panasonic.com.my/papamy/modelrange.asp
2024-02-23 09:43:18,009 : INFO : test_menu : Compressors URL : https://papamy.panasonic.com.my/papamy/compressor.asp
2024-02-23 09:43:18,463 : INFO : test_menu : Support URL : https://papamy.panasonic.com.my/papamy/support.asp
2024-02-23 09:43:18,947 : INFO : test_menu : ELearning URL : https://papamy.panasonic.com.my/papamy/elearning.asp
2024-02-23 09:43:19,452 : INFO : test_menu : EVendor URL : https://papamy.panasonic.com.my/papamy/evendor.asp
2024-02-23 09:43:19,910 : INFO : test_menu : Contact Us URL : https://papamy.panasonic.com.my/papamy/contact.asp
2024-02-23 09:43:25,553 : INFO : test_BeginLibrary : Global URL : https://holdings.panasonic/global/?net
2024-02-23 09:43:25,619 : INFO : test_BeginLibrary : Main Window URL : https://papamy.panasonic.com.my/papamy/contact.asp
2024-02-23 09:43:26,798 : INFO : test_BeginLibrary : Error Code :list index out of range
2024-02-23 09:53:34,617 : INFO : test_menu : Home URL : https://papamy.panasonic.com.my/papamy/index.asp
2024-02-23 09:53:35,078 : INFO : test_menu : About Us URL : https://papamy.panasonic.com.my/papamy/about.asp
2024-02-23 09:53:41,746 : INFO : test_BeginLibrary : Global URL : https://holdings.panasonic/global/?net
2024-02-23 09:53:41,826 : INFO : test_BeginLibrary : Main Window URL : https://papamy.panasonic.com.my/papamy/about.asp
2024-02-23 09:53:43,087 : INFO : test_BeginLibrary : Error Code :list index out of range
2024-02-23 09:53:43,095 : INFO : test_BeginLibrary : Main Window URL : https://papamy.panasonic.com.my/papamy/index.html
2024-02-23 09:55:23,092 : INFO : test_menu : Home URL : https://papamy.panasonic.com.my/papamy/index.asp
2024-02-23 09:55:23,650 : INFO : test_menu : About Us URL : https://papamy.panasonic.com.my/papamy/about.asp
2024-02-23 09:55:24,418 : INFO : test_menu : AC URL : https://papamy.panasonic.com.my/papamy/modelrange.asp
2024-02-23 09:55:25,157 : INFO : test_menu : Compressors URL : https://papamy.panasonic.com.my/papamy/compressor.asp
2024-02-23 09:55:25,617 : INFO : test_menu : Support URL : https://papamy.panasonic.com.my/papamy/support.asp
2024-02-23 09:55:26,060 : INFO : test_menu : ELearning URL : https://papamy.panasonic.com.my/papamy/elearning.asp
2024-02-23 09:55:26,536 : INFO : test_menu : EVendor URL : https://papamy.panasonic.com.my/papamy/evendor.asp
2024-02-23 09:55:27,080 : INFO : test_menu : Contact Us URL : https://papamy.panasonic.com.my/papamy/contact.asp
2024-02-23 09:55:32,931 : INFO : test_BeginLibrary : Global URL : https://holdings.panasonic/global/?net
2024-02-23 09:55:33,013 : INFO : test_BeginLibrary : Main Window URL : https://papamy.panasonic.com.my/papamy/contact.asp
2024-02-23 09:55:40,536 : INFO : test_BeginLibrary : SignIn URL : https://papamy.panasonic.com.my/support/user/login/auth/login
2024-02-23 09:55:40,620 : INFO : test_BeginLibrary : Main Window URL : https://papamy.panasonic.com.my/papamy/contact.asp
